生成启动时间为 2018/1/28 12:18:31。
     1>项目“E:\program\C++\OOP\NewCalc\NewCalc\NewCalc.vcxproj”在节点 2 上(Build 个目标)。
     1>ClCompile:
         C:\Program Files (x86)\Microsoft Visual Studio 12.0\VC\bin\CL.exe /c /ZI /nologo /W3 /WX- /Od /Oy- /D WIN32 /D _DEBUG /D _CONSOLE /D _LIB /D _UNICODE /D UNICODE /Gm /EHsc /RTC1 /MDd /GS /fp:precise /Zc:wchar_t /Zc:forScope /Fo"Debug\\" /Fd"Debug\vc120.pdb" /FR"Debug\\" /Gd /TP /analyze- /errorReport:prompt BigNum.cpp Complex.cpp Error.cpp Fraction.cpp calc.cpp
         calc.cpp
         Error.cpp
         Complex.cpp
         正在生成代码...
         正在编译...
         Fraction.cpp
         BigNum.cpp
     1>e:\program\c++\oop\newcalc\newcalc\bignum.cpp(12): warning C4018: “<”: 有符号/无符号不匹配
     1>e:\program\c++\oop\newcalc\newcalc\bignum.cpp(126): warning C4018: “<”: 有符号/无符号不匹配
     1>e:\program\c++\oop\newcalc\newcalc\bignum.cpp(129): warning C4018: “>=”: 有符号/无符号不匹配
     1>e:\program\c++\oop\newcalc\newcalc\bignum.cpp(131): warning C4018: “>=”: 有符号/无符号不匹配
     1>e:\program\c++\oop\newcalc\newcalc\bignum.cpp(179): warning C4018: “<”: 有符号/无符号不匹配
     1>e:\program\c++\oop\newcalc\newcalc\bignum.cpp(182): warning C4018: “>=”: 有符号/无符号不匹配
     1>e:\program\c++\oop\newcalc\newcalc\bignum.cpp(184): warning C4018: “>=”: 有符号/无符号不匹配
     1>e:\program\c++\oop\newcalc\newcalc\bignum.cpp(246): warning C4018: “<”: 有符号/无符号不匹配
     1>e:\program\c++\oop\newcalc\newcalc\bignum.cpp(256): warning C4018: “<”: 有符号/无符号不匹配
     1>e:\program\c++\oop\newcalc\newcalc\bignum.cpp(266): warning C4018: “<”: 有符号/无符号不匹配
     1>e:\program\c++\oop\newcalc\newcalc\bignum.cpp(268): warning C4018: “<”: 有符号/无符号不匹配
     1>e:\program\c++\oop\newcalc\newcalc\bignum.cpp(272): warning C4018: “>”: 有符号/无符号不匹配
     1>e:\program\c++\oop\newcalc\newcalc\bignum.cpp(291): warning C4018: “<”: 有符号/无符号不匹配
     1>e:\program\c++\oop\newcalc\newcalc\bignum.cpp(322): warning C4018: “<”: 有符号/无符号不匹配
     1>e:\program\c++\oop\newcalc\newcalc\bignum.cpp(332): warning C4018: “<”: 有符号/无符号不匹配
     1>e:\program\c++\oop\newcalc\newcalc\bignum.cpp(342): warning C4018: “<=”: 有符号/无符号不匹配
     1>e:\program\c++\oop\newcalc\newcalc\bignum.cpp(353): warning C4018: “<”: 有符号/无符号不匹配
     1>e:\program\c++\oop\newcalc\newcalc\bignum.cpp(373): warning C4018: “<”: 有符号/无符号不匹配
     1>e:\program\c++\oop\newcalc\newcalc\bignum.cpp(384): warning C4018: “<”: 有符号/无符号不匹配
     1>e:\program\c++\oop\newcalc\newcalc\bignum.cpp(422): warning C4018: “<”: 有符号/无符号不匹配
     1>e:\program\c++\oop\newcalc\newcalc\bignum.cpp(455): warning C4018: “<”: 有符号/无符号不匹配
     1>e:\program\c++\oop\newcalc\newcalc\bignum.cpp(465): warning C4018: “<”: 有符号/无符号不匹配
     1>e:\program\c++\oop\newcalc\newcalc\bignum.cpp(484): warning C4018: “<”: 有符号/无符号不匹配
     1>e:\program\c++\oop\newcalc\newcalc\bignum.cpp(503): warning C4018: “<”: 有符号/无符号不匹配
     1>e:\program\c++\oop\newcalc\newcalc\bignum.cpp(514): warning C4018: “<”: 有符号/无符号不匹配
     1>e:\program\c++\oop\newcalc\newcalc\bignum.cpp(546): warning C4018: “<”: 有符号/无符号不匹配
     1>e:\program\c++\oop\newcalc\newcalc\bignum.cpp(609): warning C4018: “<”: 有符号/无符号不匹配
         正在生成代码...
       Link:
         C:\Program Files (x86)\Microsoft Visual Studio 12.0\VC\bin\link.exe /ERRORREPORT:PROMPT /OUT:"E:\program\C++\OOP\NewCalc\Debug\NewCalc.exe" /INCREMENTAL /NOLOGO kernel32.lib user32.lib gdi32.lib winspool.lib comdlg32.lib advapi32.lib shell32.lib ole32.lib oleaut32.lib uuid.lib odbc32.lib odbccp32.lib /MANIFEST /MANIFESTUAC:"level='asInvoker' uiAccess='false'" /manifest:embed /DEBUG /PDB:"E:\program\C++\OOP\NewCalc\Debug\NewCalc.pdb" /SUBSYSTEM:CONSOLE /TLBID:1 /DYNAMICBASE /NXCOMPAT /IMPLIB:"E:\program\C++\OOP\NewCalc\Debug\NewCalc.lib" /MACHINE:X86 /FORCE:MULTIPLE Debug\BigNum.obj
         Debug\calc.obj
         Debug\Complex.obj
         Debug\Error.obj
         Debug\Fraction.obj
         Debug\main.obj
     1>LINK : warning LNK4075: 忽略“/INCREMENTAL”(由于“/FORCE”规范)
     1>BigNum.obj : warning LNK4075: 忽略“/EDITANDCONTINUE”(由于“/OPT:LBR”规范)
     1>calc.obj : warning LNK4006: "int const MAXN" (?MAXN@@3HB) 已在 BigNum.obj 中定义；已忽略第二个定义
     1>calc.obj : warning LNK4006: "int const MAXM" (?MAXM@@3HB) 已在 BigNum.obj 中定义；已忽略第二个定义
     1>calc.obj : warning LNK4006: "int const bit" (?bit@@3HB) 已在 BigNum.obj 中定义；已忽略第二个定义
     1>calc.obj : warning LNK4006: "class std::basic_string<char,struct std::char_traits<char>,class std::allocator<char> > * ErrorTypeString" (?ErrorTypeString@@3PAV?$basic_string@DU?$char_traits@D@std@@V?$allocator@D@2@@std@@A) 已在 BigNum.obj 中定义；已忽略第二个定义
     1>Complex.obj : warning LNK4006: "int const MAXN" (?MAXN@@3HB) 已在 BigNum.obj 中定义；已忽略第二个定义
     1>Complex.obj : warning LNK4006: "int const MAXM" (?MAXM@@3HB) 已在 BigNum.obj 中定义；已忽略第二个定义
     1>Complex.obj : warning LNK4006: "int const bit" (?bit@@3HB) 已在 BigNum.obj 中定义；已忽略第二个定义
     1>Complex.obj : warning LNK4006: "class std::basic_string<char,struct std::char_traits<char>,class std::allocator<char> > * ErrorTypeString" (?ErrorTypeString@@3PAV?$basic_string@DU?$char_traits@D@std@@V?$allocator@D@2@@std@@A) 已在 BigNum.obj 中定义；已忽略第二个定义
     1>Error.obj : warning LNK4006: "class std::basic_string<char,struct std::char_traits<char>,class std::allocator<char> > * ErrorTypeString" (?ErrorTypeString@@3PAV?$basic_string@DU?$char_traits@D@std@@V?$allocator@D@2@@std@@A) 已在 BigNum.obj 中定义；已忽略第二个定义
     1>Fraction.obj : warning LNK4006: "int const MAXN" (?MAXN@@3HB) 已在 BigNum.obj 中定义；已忽略第二个定义
     1>Fraction.obj : warning LNK4006: "int const MAXM" (?MAXM@@3HB) 已在 BigNum.obj 中定义；已忽略第二个定义
     1>Fraction.obj : warning LNK4006: "int const bit" (?bit@@3HB) 已在 BigNum.obj 中定义；已忽略第二个定义
     1>Fraction.obj : warning LNK4006: "class std::basic_string<char,struct std::char_traits<char>,class std::allocator<char> > * ErrorTypeString" (?ErrorTypeString@@3PAV?$basic_string@DU?$char_traits@D@std@@V?$allocator@D@2@@std@@A) 已在 BigNum.obj 中定义；已忽略第二个定义
     1>main.obj : warning LNK4006: "class Fraction __cdecl Calc(int,int)" (?Calc@@YA?AVFraction@@HH@Z) 已在 calc.obj 中定义；已忽略第二个定义
     1>main.obj : warning LNK4006: "int __cdecl Input(void)" (?Input@@YAHXZ) 已在 calc.obj 中定义；已忽略第二个定义
     1>main.obj : warning LNK4006: "void __cdecl Output(class Error const &)" (?Output@@YAXABVError@@@Z) 已在 calc.obj 中定义；已忽略第二个定义
     1>main.obj : warning LNK4006: "void __cdecl Output(class Fraction const &)" (?Output@@YAXABVFraction@@@Z) 已在 calc.obj 中定义；已忽略第二个定义
     1>main.obj : warning LNK4006: "int const bit" (?bit@@3HB) 已在 BigNum.obj 中定义；已忽略第二个定义
     1>main.obj : warning LNK4006: "int t" (?t@@3HA) 已在 calc.obj 中定义；已忽略第二个定义
     1>main.obj : warning LNK4006: "class std::basic_string<char,struct std::char_traits<char>,class std::allocator<char> > * ErrorTypeString" (?ErrorTypeString@@3PAV?$basic_string@DU?$char_traits@D@std@@V?$allocator@D@2@@std@@A) 已在 BigNum.obj 中定义；已忽略第二个定义
     1>main.obj : warning LNK4006: "class std::basic_string<char,struct std::char_traits<char>,class std::allocator<char> > str" (?str@@3V?$basic_string@DU?$char_traits@D@std@@V?$allocator@D@2@@std@@A) 已在 calc.obj 中定义；已忽略第二个定义
     1>E:\program\C++\OOP\NewCalc\Debug\NewCalc.exe : warning LNK4088: 因 /FORCE 选项生成了映像；映像可能不能运行
         NewCalc.vcxproj -> E:\program\C++\OOP\NewCalc\Debug\NewCalc.exe
       BscMake:
         C:\Program Files (x86)\Microsoft Visual Studio 12.0\VC\bin\bscmake.exe /nologo /o"E:\program\C++\OOP\NewCalc\Debug\NewCalc.bsc" /n Debug\BigNum.sbr Debug\calc.sbr Debug\Complex.sbr Debug\Error.sbr Debug\Fraction.sbr Debug\main.sbr
     1>已完成生成项目“E:\program\C++\OOP\NewCalc\NewCalc\NewCalc.vcxproj”(Build 个目标)的操作。

生成成功。

已用时间 00:00:05.07
