e:\program\c++\oop\newcalc\debug\newcalc.bsc
e:\program\c++\oop\newcalc\newcalc\debug\vc120.pdb
e:\program\c++\oop\newcalc\newcalc\debug\vc120.idb
e:\program\c++\oop\newcalc\newcalc\debug\main.sbr
e:\program\c++\oop\newcalc\newcalc\debug\main.obj
e:\program\c++\oop\newcalc\newcalc\debug\bignum.obj
e:\program\c++\oop\newcalc\newcalc\debug\bignum.sbr
e:\program\c++\oop\newcalc\newcalc\debug\calc.sbr
e:\program\c++\oop\newcalc\newcalc\debug\calc.obj
e:\program\c++\oop\newcalc\newcalc\debug\fraction.sbr
e:\program\c++\oop\newcalc\newcalc\debug\fraction.obj
e:\program\c++\oop\newcalc\newcalc\debug\error.sbr
e:\program\c++\oop\newcalc\newcalc\debug\error.obj
e:\program\c++\oop\newcalc\debug\newcalc.exe
e:\program\c++\oop\newcalc\debug\newcalc.pdb
e:\program\c++\oop\newcalc\newcalc\debug\newcalc.tlog\bscmake.command.1.tlog
e:\program\c++\oop\newcalc\newcalc\debug\newcalc.tlog\bscmake.read.1.tlog
e:\program\c++\oop\newcalc\newcalc\debug\newcalc.tlog\bscmake.write.1.tlog
e:\program\c++\oop\newcalc\newcalc\debug\newcalc.tlog\cl.command.1.tlog
e:\program\c++\oop\newcalc\newcalc\debug\newcalc.tlog\cl.read.1.tlog
e:\program\c++\oop\newcalc\newcalc\debug\newcalc.tlog\cl.write.1.tlog
e:\program\c++\oop\newcalc\newcalc\debug\newcalc.tlog\link.command.1.tlog
e:\program\c++\oop\newcalc\newcalc\debug\newcalc.tlog\link.read.1.tlog
e:\program\c++\oop\newcalc\newcalc\debug\newcalc.tlog\link.write.1.tlog
